<?xml version="1.0" encoding="UTF-8"?>
<testng-results ignored="0" total="1" passed="1" failed="0" skipped="0">
  <reporter-output>
    <line>
      <![CDATA[hello python]]>
    </line>
  </reporter-output>
  <suite started-at="2022-12-28T14:35:48 IST" name="Default suite" finished-at="2022-12-28T14:35:48 IST" duration-ms="64">
    <groups>
    </groups>
    <test started-at="2022-12-28T14:35:48 IST" name="Default test" finished-at="2022-12-28T14:35:48 IST" duration-ms="64">
      <class name="Tc4">
        <test-method signature="videocall()[pri:0, instance:Tc4@1ba9117e]" started-at="2022-12-28T14:35:48 IST" name="videocall" finished-at="2022-12-28T14:35:48 IST" duration-ms="11" status="PASS">
          <reporter-output>
            <line>
              <![CDATA[hello python]]>
            </line>
          </reporter-output>
        </test-method> <!-- videocall -->
      </class> <!-- Tc4 -->
    </test> <!-- Default test -->
  </suite> <!-- Default suite -->
</testng-results>
